0 info it worked if it ends with ok
1 verbose cli [ 'C:\\Program Files\\nodejs\\node.exe',
1 verbose cli   'C:\\Program Files\\nodejs\\node_modules\\npm\\bin\\npm-cli.js',
1 verbose cli   'install' ]
2 info using npm@2.14.7
3 info using node@v4.2.3
4 verbose readDependencies loading dependencies from C:\git\nodeChat\package.json
5 warn package.json Chatroom@0.0.1 No repository field.
6 warn package.json Chatroom@0.0.1 No license field.
7 verbose install where, deps [ 'C:\\git\\nodeChat',
7 verbose install   [ 'body-parser', 'express', 'socket.io' ] ]
8 verbose install where, peers [ 'C:\\git\\nodeChat', [] ]
9 verbose installManyTop reading for lifecycle C:\git\nodeChat\package.json
10 info preinstall Chatroom@0.0.1
11 verbose installManyTop reading scoped package data from C:\git\nodeChat\node_modules\accepts\package.json
12 verbose installManyTop reading scoped package data from C:\git\nodeChat\node_modules\after\package.json
13 verbose installManyTop reading scoped package data from C:\git\nodeChat\node_modules\arraybuffer.slice\package.json
14 verbose installManyTop reading scoped package data from C:\git\nodeChat\node_modules\backo2\package.json
15 verbose installManyTop reading scoped package data from C:\git\nodeChat\node_modules\base64-arraybuffer\package.json
16 verbose installManyTop reading scoped package data from C:\git\nodeChat\node_modules\base64id\package.json
17 verbose installManyTop reading scoped package data from C:\git\nodeChat\node_modules\benchmark\package.json
18 verbose installManyTop reading scoped package data from C:\git\nodeChat\node_modules\better-assert\package.json
19 verbose installManyTop reading scoped package data from C:\git\nodeChat\node_modules\bindings\package.json
20 verbose installManyTop reading scoped package data from C:\git\nodeChat\node_modules\blob\package.json
21 verbose installManyTop reading scoped package data from C:\git\nodeChat\node_modules\body-parser\package.json
22 verbose installManyTop reading scoped package data from C:\git\nodeChat\node_modules\bufferutil\package.json
23 verbose installManyTop reading scoped package data from C:\git\nodeChat\node_modules\bytes\package.json
24 verbose installManyTop reading scoped package data from C:\git\nodeChat\node_modules\callsite\package.json
25 verbose installManyTop reading scoped package data from C:\git\nodeChat\node_modules\component-bind\package.json
26 verbose installManyTop reading scoped package data from C:\git\nodeChat\node_modules\component-emitter\package.json
27 verbose installManyTop reading scoped package data from C:\git\nodeChat\node_modules\component-inherit\package.json
28 verbose installManyTop reading scoped package data from C:\git\nodeChat\node_modules\content-disposition\package.json
29 verbose installManyTop reading scoped package data from C:\git\nodeChat\node_modules\content-type\package.json
30 verbose installManyTop reading scoped package data from C:\git\nodeChat\node_modules\cookie\package.json
31 verbose installManyTop reading scoped package data from C:\git\nodeChat\node_modules\cookie-signature\package.json
32 verbose installManyTop reading scoped package data from C:\git\nodeChat\node_modules\crc\package.json
33 verbose installManyTop reading scoped package data from C:\git\nodeChat\node_modules\debug\package.json
34 verbose installManyTop reading scoped package data from C:\git\nodeChat\node_modules\depd\package.json
35 verbose installManyTop reading scoped package data from C:\git\nodeChat\node_modules\destroy\package.json
36 verbose installManyTop reading scoped package data from C:\git\nodeChat\node_modules\ee-first\package.json
37 verbose installManyTop reading scoped package data from C:\git\nodeChat\node_modules\engine.io\package.json
38 verbose installManyTop reading scoped package data from C:\git\nodeChat\node_modules\engine.io-client\package.json
39 verbose installManyTop reading scoped package data from C:\git\nodeChat\node_modules\engine.io-parser\package.json
40 verbose installManyTop reading scoped package data from C:\git\nodeChat\node_modules\escape-html\package.json
41 verbose installManyTop reading scoped package data from C:\git\nodeChat\node_modules\etag\package.json
42 verbose installManyTop reading scoped package data from C:\git\nodeChat\node_modules\express\package.json
43 verbose installManyTop reading scoped package data from C:\git\nodeChat\node_modules\finalhandler\package.json
44 verbose installManyTop reading scoped package data from C:\git\nodeChat\node_modules\forwarded\package.json
45 verbose installManyTop reading scoped package data from C:\git\nodeChat\node_modules\fresh\package.json
46 verbose installManyTop reading scoped package data from C:\git\nodeChat\node_modules\global\package.json
47 verbose installManyTop reading scoped package data from C:\git\nodeChat\node_modules\has-binary\package.json
48 verbose installManyTop reading scoped package data from C:\git\nodeChat\node_modules\has-binary-data\package.json
49 verbose installManyTop reading scoped package data from C:\git\nodeChat\node_modules\has-cors\package.json
50 verbose installManyTop reading scoped package data from C:\git\nodeChat\node_modules\http-errors\package.json
51 verbose installManyTop reading scoped package data from C:\git\nodeChat\node_modules\iconv-lite\package.json
52 verbose installManyTop reading scoped package data from C:\git\nodeChat\node_modules\indexof\package.json
53 verbose installManyTop reading scoped package data from C:\git\nodeChat\node_modules\inherits\package.json
54 verbose installManyTop reading scoped package data from C:\git\nodeChat\node_modules\ipaddr.js\package.json
55 verbose installManyTop reading scoped package data from C:\git\nodeChat\node_modules\isarray\package.json
56 verbose installManyTop reading scoped package data from C:\git\nodeChat\node_modules\json3\package.json
57 verbose installManyTop reading scoped package data from C:\git\nodeChat\node_modules\media-typer\package.json
58 verbose installManyTop reading scoped package data from C:\git\nodeChat\node_modules\merge-descriptors\package.json
59 verbose installManyTop reading scoped package data from C:\git\nodeChat\node_modules\methods\package.json
60 verbose installManyTop reading scoped package data from C:\git\nodeChat\node_modules\mime\package.json
61 verbose installManyTop reading scoped package data from C:\git\nodeChat\node_modules\mime-db\package.json
62 verbose installManyTop reading scoped package data from C:\git\nodeChat\node_modules\mime-types\package.json
63 verbose installManyTop reading scoped package data from C:\git\nodeChat\node_modules\ms\package.json
64 verbose installManyTop reading scoped package data from C:\git\nodeChat\node_modules\nan\package.json
65 verbose installManyTop reading scoped package data from C:\git\nodeChat\node_modules\negotiator\package.json
66 verbose installManyTop reading scoped package data from C:\git\nodeChat\node_modules\object-component\package.json
67 verbose installManyTop reading scoped package data from C:\git\nodeChat\node_modules\object-keys\package.json
68 verbose installManyTop reading scoped package data from C:\git\nodeChat\node_modules\on-finished\package.json
69 verbose installManyTop reading scoped package data from C:\git\nodeChat\node_modules\options\package.json
70 verbose installManyTop reading scoped package data from C:\git\nodeChat\node_modules\parsejson\package.json
71 verbose installManyTop reading scoped package data from C:\git\nodeChat\node_modules\parseqs\package.json
72 verbose installManyTop reading scoped package data from C:\git\nodeChat\node_modules\parseuri\package.json
73 verbose installManyTop reading scoped package data from C:\git\nodeChat\node_modules\parseurl\package.json
74 verbose installManyTop reading scoped package data from C:\git\nodeChat\node_modules\path-to-regexp\package.json
75 verbose installManyTop reading scoped package data from C:\git\nodeChat\node_modules\proxy-addr\package.json
76 verbose installManyTop reading scoped package data from C:\git\nodeChat\node_modules\qs\package.json
77 verbose installManyTop reading scoped package data from C:\git\nodeChat\node_modules\range-parser\package.json
78 verbose installManyTop reading scoped package data from C:\git\nodeChat\node_modules\raw-body\package.json
79 verbose installManyTop reading scoped package data from C:\git\nodeChat\node_modules\send\package.json
80 verbose installManyTop reading scoped package data from C:\git\nodeChat\node_modules\serve-static\package.json
81 verbose installManyTop reading scoped package data from C:\git\nodeChat\node_modules\socket.io\package.json
82 verbose installManyTop reading scoped package data from C:\git\nodeChat\node_modules\socket.io-adapter\package.json
83 verbose installManyTop reading scoped package data from C:\git\nodeChat\node_modules\socket.io-client\package.json
84 verbose installManyTop reading scoped package data from C:\git\nodeChat\node_modules\socket.io-parser\package.json
85 verbose installManyTop reading scoped package data from C:\git\nodeChat\node_modules\statuses\package.json
86 verbose installManyTop reading scoped package data from C:\git\nodeChat\node_modules\to-array\package.json
87 verbose installManyTop reading scoped package data from C:\git\nodeChat\node_modules\type-is\package.json
88 verbose installManyTop reading scoped package data from C:\git\nodeChat\node_modules\ultron\package.json
89 verbose installManyTop reading scoped package data from C:\git\nodeChat\node_modules\unpipe\package.json
90 verbose installManyTop reading scoped package data from C:\git\nodeChat\node_modules\utf-8-validate\package.json
91 verbose installManyTop reading scoped package data from C:\git\nodeChat\node_modules\utf8\package.json
92 verbose installManyTop reading scoped package data from C:\git\nodeChat\node_modules\utils-merge\package.json
93 verbose installManyTop reading scoped package data from C:\git\nodeChat\node_modules\vary\package.json
94 verbose installManyTop reading scoped package data from C:\git\nodeChat\node_modules\ws\package.json
95 verbose installManyTop reading scoped package data from C:\git\nodeChat\node_modules\xmlhttprequest\package.json
96 info package.json after@0.8.1 No license field.
97 info package.json arraybuffer.slice@0.0.6 No license field.
98 info package.json base64-arraybuffer@0.1.2 No license field.
99 info package.json base64id@0.1.0 No license field.
100 info package.json benchmark@1.0.0 No license field.
101 info package.json better-assert@1.0.2 No license field.
102 info package.json blob@0.0.4 No license field.
103 info package.json callsite@1.0.0 No repository field.
104 info package.json callsite@1.0.0 No license field.
105 info package.json component-bind@1.0.0 No license field.
106 info package.json component-emitter@1.1.2 No license field.
107 info package.json component-inherit@0.0.3 No license field.
108 info package.json cookie@0.1.2 No license field.
109 info package.json engine.io@1.5.4 No license field.
110 info package.json engine.io-parser@1.2.2 No license field.
111 info package.json escape-html@1.0.1 No license field.
112 info package.json has-binary@0.1.6 No repository field.
113 info package.json has-binary-data@0.1.3 No repository field.
114 info package.json indexof@0.0.1 No repository field.
115 info package.json indexof@0.0.1 No license field.
116 info package.json json3@3.2.6 No license field.
117 info package.json mime@1.2.11 No license field.
118 info package.json ms@0.7.0 No license field.
119 info package.json object-component@0.0.3 No repository field.
120 info package.json object-component@0.0.3 No license field.
121 info package.json options@0.0.6 No license field.
122 info package.json parsejson@0.0.1 No repository field.
123 info package.json parseqs@0.0.2 No repository field.
124 info package.json parseuri@0.0.2 No repository field.
125 info package.json path-to-regexp@0.1.3 No license field.
126 info package.json qs@2.3.2 No license field.
127 info package.json socket.io@1.3.7 No license field.
128 info package.json socket.io-adapter@0.3.1 No license field.
129 info package.json to-array@0.1.3 No license field.
130 info package.json utils-merge@1.0.0 No license field.
131 info package.json xmlhttprequest@1.5.0 No license field.
132 info package.json engine.io-client@1.5.4 No license field.
133 verbose readDependencies loading dependencies from C:\git\nodeChat\package.json
134 verbose targetResolver reading package data from C:\git\nodeChat\node_modules\accepts\package.json
135 verbose targetResolver reading package data from C:\git\nodeChat\node_modules\after\package.json
136 verbose targetResolver reading package data from C:\git\nodeChat\node_modules\arraybuffer.slice\package.json
137 verbose targetResolver reading package data from C:\git\nodeChat\node_modules\backo2\package.json
138 verbose targetResolver reading package data from C:\git\nodeChat\node_modules\base64-arraybuffer\package.json
139 verbose targetResolver reading package data from C:\git\nodeChat\node_modules\base64id\package.json
140 verbose targetResolver reading package data from C:\git\nodeChat\node_modules\benchmark\package.json
141 verbose targetResolver reading package data from C:\git\nodeChat\node_modules\better-assert\package.json
142 verbose targetResolver reading package data from C:\git\nodeChat\node_modules\bindings\package.json
143 verbose targetResolver reading package data from C:\git\nodeChat\node_modules\blob\package.json
144 verbose targetResolver reading package data from C:\git\nodeChat\node_modules\body-parser\package.json
145 verbose targetResolver reading package data from C:\git\nodeChat\node_modules\bufferutil\package.json
146 verbose targetResolver reading package data from C:\git\nodeChat\node_modules\bytes\package.json
147 verbose targetResolver reading package data from C:\git\nodeChat\node_modules\callsite\package.json
148 verbose targetResolver reading package data from C:\git\nodeChat\node_modules\component-bind\package.json
149 verbose targetResolver reading package data from C:\git\nodeChat\node_modules\component-emitter\package.json
150 verbose targetResolver reading package data from C:\git\nodeChat\node_modules\component-inherit\package.json
151 verbose targetResolver reading package data from C:\git\nodeChat\node_modules\content-disposition\package.json
152 verbose targetResolver reading package data from C:\git\nodeChat\node_modules\content-type\package.json
153 verbose targetResolver reading package data from C:\git\nodeChat\node_modules\cookie\package.json
154 verbose targetResolver reading package data from C:\git\nodeChat\node_modules\cookie-signature\package.json
155 verbose targetResolver reading package data from C:\git\nodeChat\node_modules\crc\package.json
156 verbose targetResolver reading package data from C:\git\nodeChat\node_modules\debug\package.json
157 verbose targetResolver reading package data from C:\git\nodeChat\node_modules\depd\package.json
158 verbose targetResolver reading package data from C:\git\nodeChat\node_modules\destroy\package.json
159 verbose targetResolver reading package data from C:\git\nodeChat\node_modules\ee-first\package.json
160 verbose targetResolver reading package data from C:\git\nodeChat\node_modules\engine.io\package.json
161 verbose targetResolver reading package data from C:\git\nodeChat\node_modules\engine.io-client\package.json
162 verbose targetResolver reading package data from C:\git\nodeChat\node_modules\engine.io-parser\package.json
163 verbose targetResolver reading package data from C:\git\nodeChat\node_modules\escape-html\package.json
164 verbose targetResolver reading package data from C:\git\nodeChat\node_modules\etag\package.json
165 verbose targetResolver reading package data from C:\git\nodeChat\node_modules\express\package.json
166 verbose targetResolver reading package data from C:\git\nodeChat\node_modules\finalhandler\package.json
167 verbose targetResolver reading package data from C:\git\nodeChat\node_modules\forwarded\package.json
168 verbose targetResolver reading package data from C:\git\nodeChat\node_modules\fresh\package.json
169 verbose targetResolver reading package data from C:\git\nodeChat\node_modules\global\package.json
170 verbose targetResolver reading package data from C:\git\nodeChat\node_modules\has-binary\package.json
171 verbose targetResolver reading package data from C:\git\nodeChat\node_modules\has-binary-data\package.json
172 verbose targetResolver reading package data from C:\git\nodeChat\node_modules\has-cors\package.json
173 verbose targetResolver reading package data from C:\git\nodeChat\node_modules\http-errors\package.json
174 verbose targetResolver reading package data from C:\git\nodeChat\node_modules\iconv-lite\package.json
175 verbose targetResolver reading package data from C:\git\nodeChat\node_modules\indexof\package.json
176 verbose targetResolver reading package data from C:\git\nodeChat\node_modules\inherits\package.json
177 verbose targetResolver reading package data from C:\git\nodeChat\node_modules\ipaddr.js\package.json
178 verbose targetResolver reading package data from C:\git\nodeChat\node_modules\isarray\package.json
179 verbose targetResolver reading package data from C:\git\nodeChat\node_modules\json3\package.json
180 verbose targetResolver reading package data from C:\git\nodeChat\node_modules\media-typer\package.json
181 verbose targetResolver reading package data from C:\git\nodeChat\node_modules\merge-descriptors\package.json
182 verbose targetResolver reading package data from C:\git\nodeChat\node_modules\methods\package.json
183 verbose targetResolver reading package data from C:\git\nodeChat\node_modules\mime\package.json
184 verbose targetResolver reading package data from C:\git\nodeChat\node_modules\mime-db\package.json
185 verbose targetResolver reading package data from C:\git\nodeChat\node_modules\mime-types\package.json
186 verbose targetResolver reading package data from C:\git\nodeChat\node_modules\ms\package.json
187 verbose targetResolver reading package data from C:\git\nodeChat\node_modules\nan\package.json
188 verbose targetResolver reading package data from C:\git\nodeChat\node_modules\negotiator\package.json
189 verbose targetResolver reading package data from C:\git\nodeChat\node_modules\object-component\package.json
190 verbose targetResolver reading package data from C:\git\nodeChat\node_modules\object-keys\package.json
191 verbose targetResolver reading package data from C:\git\nodeChat\node_modules\on-finished\package.json
192 verbose targetResolver reading package data from C:\git\nodeChat\node_modules\options\package.json
193 verbose targetResolver reading package data from C:\git\nodeChat\node_modules\parsejson\package.json
194 verbose targetResolver reading package data from C:\git\nodeChat\node_modules\parseqs\package.json
195 verbose targetResolver reading package data from C:\git\nodeChat\node_modules\parseuri\package.json
196 verbose targetResolver reading package data from C:\git\nodeChat\node_modules\parseurl\package.json
197 verbose targetResolver reading package data from C:\git\nodeChat\node_modules\path-to-regexp\package.json
198 verbose targetResolver reading package data from C:\git\nodeChat\node_modules\proxy-addr\package.json
199 verbose targetResolver reading package data from C:\git\nodeChat\node_modules\qs\package.json
200 verbose targetResolver reading package data from C:\git\nodeChat\node_modules\range-parser\package.json
201 verbose targetResolver reading package data from C:\git\nodeChat\node_modules\raw-body\package.json
202 verbose targetResolver reading package data from C:\git\nodeChat\node_modules\send\package.json
203 verbose targetResolver reading package data from C:\git\nodeChat\node_modules\serve-static\package.json
204 verbose targetResolver reading package data from C:\git\nodeChat\node_modules\socket.io\package.json
205 verbose targetResolver reading package data from C:\git\nodeChat\node_modules\socket.io-adapter\package.json
206 verbose targetResolver reading package data from C:\git\nodeChat\node_modules\socket.io-client\package.json
207 verbose targetResolver reading package data from C:\git\nodeChat\node_modules\socket.io-parser\package.json
208 verbose targetResolver reading package data from C:\git\nodeChat\node_modules\statuses\package.json
209 verbose targetResolver reading package data from C:\git\nodeChat\node_modules\to-array\package.json
210 verbose targetResolver reading package data from C:\git\nodeChat\node_modules\type-is\package.json
211 verbose targetResolver reading package data from C:\git\nodeChat\node_modules\ultron\package.json
212 verbose targetResolver reading package data from C:\git\nodeChat\node_modules\unpipe\package.json
213 verbose targetResolver reading package data from C:\git\nodeChat\node_modules\utf-8-validate\package.json
214 verbose targetResolver reading package data from C:\git\nodeChat\node_modules\utf8\package.json
215 verbose targetResolver reading package data from C:\git\nodeChat\node_modules\utils-merge\package.json
216 verbose targetResolver reading package data from C:\git\nodeChat\node_modules\vary\package.json
217 verbose targetResolver reading package data from C:\git\nodeChat\node_modules\ws\package.json
218 verbose targetResolver reading package data from C:\git\nodeChat\node_modules\xmlhttprequest\package.json
219 verbose already installed skipping express@^4.10.2 C:\git\nodeChat
220 verbose already installed skipping socket.io@^1.3.7 C:\git\nodeChat
221 verbose already installed skipping body-parser@^1.14.1 C:\git\nodeChat
222 silly install resolved []
223 info build C:\git\nodeChat
224 info linkStuff Chatroom@0.0.1
225 silly linkStuff Chatroom@0.0.1 has C:\git as its parent node_modules
226 verbose linkBins Chatroom@0.0.1
227 verbose linkMans Chatroom@0.0.1
228 verbose rebuildBundles Chatroom@0.0.1
229 verbose rebuildBundles [ 'accepts',
229 verbose rebuildBundles   'after',
229 verbose rebuildBundles   'arraybuffer.slice',
229 verbose rebuildBundles   'backo2',
229 verbose rebuildBundles   'base64-arraybuffer',
229 verbose rebuildBundles   'base64id',
229 verbose rebuildBundles   'benchmark',
229 verbose rebuildBundles   'better-assert',
229 verbose rebuildBundles   'bindings',
229 verbose rebuildBundles   'blob',
229 verbose rebuildBundles   'body-parser',
229 verbose rebuildBundles   'bufferutil',
229 verbose rebuildBundles   'bytes',
229 verbose rebuildBundles   'callsite',
229 verbose rebuildBundles   'component-bind',
229 verbose rebuildBundles   'component-emitter',
229 verbose rebuildBundles   'component-inherit',
229 verbose rebuildBundles   'content-disposition',
229 verbose rebuildBundles   'content-type',
229 verbose rebuildBundles   'cookie',
229 verbose rebuildBundles   'cookie-signature',
229 verbose rebuildBundles   'crc',
229 verbose rebuildBundles   'debug',
229 verbose rebuildBundles   'depd',
229 verbose rebuildBundles   'destroy',
229 verbose rebuildBundles   'ee-first',
229 verbose rebuildBundles   'engine.io',
229 verbose rebuildBundles   'engine.io-client',
229 verbose rebuildBundles   'engine.io-parser',
229 verbose rebuildBundles   'escape-html',
229 verbose rebuildBundles   'etag',
229 verbose rebuildBundles   'express',
229 verbose rebuildBundles   'finalhandler',
229 verbose rebuildBundles   'forwarded',
229 verbose rebuildBundles   'fresh',
229 verbose rebuildBundles   'global',
229 verbose rebuildBundles   'has-binary',
229 verbose rebuildBundles   'has-binary-data',
229 verbose rebuildBundles   'has-cors',
229 verbose rebuildBundles   'http-errors',
229 verbose rebuildBundles   'iconv-lite',
229 verbose rebuildBundles   'indexof',
229 verbose rebuildBundles   'inherits',
229 verbose rebuildBundles   'ipaddr.js',
229 verbose rebuildBundles   'isarray',
229 verbose rebuildBundles   'json3',
229 verbose rebuildBundles   'media-typer',
229 verbose rebuildBundles   'merge-descriptors',
229 verbose rebuildBundles   'methods',
229 verbose rebuildBundles   'mime',
229 verbose rebuildBundles   'mime-db',
229 verbose rebuildBundles   'mime-types',
229 verbose rebuildBundles   'ms',
229 verbose rebuildBundles   'nan',
229 verbose rebuildBundles   'negotiator',
229 verbose rebuildBundles   'object-component',
229 verbose rebuildBundles   'object-keys',
229 verbose rebuildBundles   'on-finished',
229 verbose rebuildBundles   'options',
229 verbose rebuildBundles   'parsejson',
229 verbose rebuildBundles   'parseqs',
229 verbose rebuildBundles   'parseuri',
229 verbose rebuildBundles   'parseurl',
229 verbose rebuildBundles   'path-to-regexp',
229 verbose rebuildBundles   'proxy-addr',
229 verbose rebuildBundles   'qs',
229 verbose rebuildBundles   'range-parser',
229 verbose rebuildBundles   'raw-body',
229 verbose rebuildBundles   'send',
229 verbose rebuildBundles   'serve-static',
229 verbose rebuildBundles   'socket.io',
229 verbose rebuildBundles   'socket.io-adapter',
229 verbose rebuildBundles   'socket.io-client',
229 verbose rebuildBundles   'socket.io-parser',
229 verbose rebuildBundles   'statuses',
229 verbose rebuildBundles   'to-array',
229 verbose rebuildBundles   'type-is',
229 verbose rebuildBundles   'ultron',
229 verbose rebuildBundles   'unpipe',
229 verbose rebuildBundles   'utf-8-validate',
229 verbose rebuildBundles   'utf8',
229 verbose rebuildBundles   'utils-merge',
229 verbose rebuildBundles   'vary',
229 verbose rebuildBundles   'ws',
229 verbose rebuildBundles   'xmlhttprequest' ]
230 verbose rebuild bundle C:\git\nodeChat\node_modules\accepts
231 info build C:\git\nodeChat\node_modules\accepts
232 info preinstall accepts@1.1.4
233 info linkStuff accepts@1.1.4
234 silly linkStuff accepts@1.1.4 has C:\git\nodeChat\node_modules as its parent node_modules
235 verbose linkBins accepts@1.1.4
236 verbose linkMans accepts@1.1.4
237 verbose rebuildBundles accepts@1.1.4
238 info install accepts@1.1.4
239 info postinstall accepts@1.1.4
240 verbose rebuild bundle C:\git\nodeChat\node_modules\after
241 info build C:\git\nodeChat\node_modules\after
242 info preinstall after@0.8.1
243 info linkStuff after@0.8.1
244 silly linkStuff after@0.8.1 has C:\git\nodeChat\node_modules as its parent node_modules
245 verbose linkBins after@0.8.1
246 verbose linkMans after@0.8.1
247 verbose rebuildBundles after@0.8.1
248 info install after@0.8.1
249 info postinstall after@0.8.1
250 verbose rebuild bundle C:\git\nodeChat\node_modules\arraybuffer.slice
251 info build C:\git\nodeChat\node_modules\arraybuffer.slice
252 info preinstall arraybuffer.slice@0.0.6
253 info linkStuff arraybuffer.slice@0.0.6
254 silly linkStuff arraybuffer.slice@0.0.6 has C:\git\nodeChat\node_modules as its parent node_modules
255 verbose linkBins arraybuffer.slice@0.0.6
256 verbose linkMans arraybuffer.slice@0.0.6
257 verbose rebuildBundles arraybuffer.slice@0.0.6
258 info install arraybuffer.slice@0.0.6
259 info postinstall arraybuffer.slice@0.0.6
260 verbose rebuild bundle C:\git\nodeChat\node_modules\backo2
261 info build C:\git\nodeChat\node_modules\backo2
262 info preinstall backo2@1.0.2
263 info linkStuff backo2@1.0.2
264 silly linkStuff backo2@1.0.2 has C:\git\nodeChat\node_modules as its parent node_modules
265 verbose linkBins backo2@1.0.2
266 verbose linkMans backo2@1.0.2
267 verbose rebuildBundles backo2@1.0.2
268 info install backo2@1.0.2
269 info postinstall backo2@1.0.2
270 verbose rebuild bundle C:\git\nodeChat\node_modules\base64-arraybuffer
271 info build C:\git\nodeChat\node_modules\base64-arraybuffer
272 info preinstall base64-arraybuffer@0.1.2
273 info linkStuff base64-arraybuffer@0.1.2
274 silly linkStuff base64-arraybuffer@0.1.2 has C:\git\nodeChat\node_modules as its parent node_modules
275 verbose linkBins base64-arraybuffer@0.1.2
276 verbose linkMans base64-arraybuffer@0.1.2
277 verbose rebuildBundles base64-arraybuffer@0.1.2
278 info install base64-arraybuffer@0.1.2
279 info postinstall base64-arraybuffer@0.1.2
280 verbose rebuild bundle C:\git\nodeChat\node_modules\base64id
281 info build C:\git\nodeChat\node_modules\base64id
282 info preinstall base64id@0.1.0
283 info linkStuff base64id@0.1.0
284 silly linkStuff base64id@0.1.0 has C:\git\nodeChat\node_modules as its parent node_modules
285 verbose linkBins base64id@0.1.0
286 verbose linkMans base64id@0.1.0
287 verbose rebuildBundles base64id@0.1.0
288 info install base64id@0.1.0
289 info postinstall base64id@0.1.0
290 verbose rebuild bundle C:\git\nodeChat\node_modules\benchmark
291 info build C:\git\nodeChat\node_modules\benchmark
292 info preinstall benchmark@1.0.0
293 info linkStuff benchmark@1.0.0
294 silly linkStuff benchmark@1.0.0 has C:\git\nodeChat\node_modules as its parent node_modules
295 verbose linkBins benchmark@1.0.0
296 verbose linkMans benchmark@1.0.0
297 verbose rebuildBundles benchmark@1.0.0
298 info install benchmark@1.0.0
299 info postinstall benchmark@1.0.0
300 verbose rebuild bundle C:\git\nodeChat\node_modules\better-assert
301 info build C:\git\nodeChat\node_modules\better-assert
302 info preinstall better-assert@1.0.2
303 info linkStuff better-assert@1.0.2
304 silly linkStuff better-assert@1.0.2 has C:\git\nodeChat\node_modules as its parent node_modules
305 verbose linkBins better-assert@1.0.2
306 verbose linkMans better-assert@1.0.2
307 verbose rebuildBundles better-assert@1.0.2
308 info install better-assert@1.0.2
309 info postinstall better-assert@1.0.2
310 verbose rebuild bundle C:\git\nodeChat\node_modules\bindings
311 info build C:\git\nodeChat\node_modules\bindings
312 info preinstall bindings@1.2.1
313 info linkStuff bindings@1.2.1
314 silly linkStuff bindings@1.2.1 has C:\git\nodeChat\node_modules as its parent node_modules
315 verbose linkBins bindings@1.2.1
316 verbose linkMans bindings@1.2.1
317 verbose rebuildBundles bindings@1.2.1
318 info install bindings@1.2.1
319 info postinstall bindings@1.2.1
320 verbose rebuild bundle C:\git\nodeChat\node_modules\blob
321 info build C:\git\nodeChat\node_modules\blob
322 info preinstall blob@0.0.4
323 info linkStuff blob@0.0.4
324 silly linkStuff blob@0.0.4 has C:\git\nodeChat\node_modules as its parent node_modules
325 verbose linkBins blob@0.0.4
326 verbose linkMans blob@0.0.4
327 verbose rebuildBundles blob@0.0.4
328 info install blob@0.0.4
329 info postinstall blob@0.0.4
330 verbose rebuild bundle C:\git\nodeChat\node_modules\bufferutil
331 info build C:\git\nodeChat\node_modules\bufferutil
332 info preinstall bufferutil@1.2.1
333 info linkStuff bufferutil@1.2.1
334 silly linkStuff bufferutil@1.2.1 has C:\git\nodeChat\node_modules as its parent node_modules
335 verbose linkBins bufferutil@1.2.1
336 verbose linkMans bufferutil@1.2.1
337 verbose rebuildBundles bufferutil@1.2.1
338 info install bufferutil@1.2.1
339 verbose unsafe-perm in lifecycle true
340 info bufferutil@1.2.1 Failed to exec install script
341 verbose stack Error: bufferutil@1.2.1 install: `node-gyp rebuild`
341 verbose stack Exit status 1
341 verbose stack     at EventEmitter.<anonymous> (C:\Program Files\nodejs\node_modules\npm\lib\utils\lifecycle.js:214:16)
341 verbose stack     at emitTwo (events.js:87:13)
341 verbose stack     at EventEmitter.emit (events.js:172:7)
341 verbose stack     at ChildProcess.<anonymous> (C:\Program Files\nodejs\node_modules\npm\lib\utils\spawn.js:24:14)
341 verbose stack     at emitTwo (events.js:87:13)
341 verbose stack     at ChildProcess.emit (events.js:172:7)
341 verbose stack     at maybeClose (internal/child_process.js:818:16)
341 verbose stack     at Process.ChildProcess._handle.onexit (internal/child_process.js:211:5)
342 verbose pkgid bufferutil@1.2.1
343 verbose cwd C:\git\nodeChat
344 error Windows_NT 6.1.7601
345 error argv "C:\\Program Files\\nodejs\\node.exe" "C:\\Program Files\\nodejs\\node_modules\\npm\\bin\\npm-cli.js" "install"
346 error node v4.2.3
347 error npm  v2.14.7
348 error code ELIFECYCLE
349 error bufferutil@1.2.1 install: `node-gyp rebuild`
349 error Exit status 1
350 error Failed at the bufferutil@1.2.1 install script 'node-gyp rebuild'.
350 error This is most likely a problem with the bufferutil package,
350 error not with npm itself.
350 error Tell the author that this fails on your system:
350 error     node-gyp rebuild
350 error You can get their info via:
350 error     npm owner ls bufferutil
350 error There is likely additional logging output above.
351 verbose exit [ 1, true ]
